
> gazqueue-client@1.0.0 dev
> vite --port 5173

Port 5173 is in use, trying another one...

  [32m[1mVITE[22m v5.4.21[39m  [2mready in [0m[1m480[22m[2m[0m ms[22m

  [32m➜[39m  [1mLocal[22m:   [36mhttp://localhost:[1m5174[22m/[39m
[2m  [32m➜[39m  [1mNetwork[22m[2m: use [22m[1m--host[22m[2m to expose[22m
[2m23:50:10[22m [36m[1m[vite][22m[39m [32mhmr update [39m[2m/src/index.css[22m
[2m23:51:00[22m [36m[1m[vite][22m[39m [32mhmr update [39m[2m/src/index.css[22m
[2m23:51:11[22m [36m[1m[vite][22m[39m [32mhmr update [39m[2m/src/App.jsx, /src/index.css[22m
[2m23:51:22[22m [36m[1m[vite][22m[39m [32mhmr update [39m[2m/src/App.jsx, /src/index.css[22m
[2m23:52:21[22m [36m[1m[vite][22m[39m [32mhmr update [39m[2m/src/context/ThemeContext.jsx, /src/index.css[22m
[2m23:52:21[22m [36m[1m[vite][22m[39m [33mhmr invalidate [39m[2m/src/context/ThemeContext.jsx[22m Could not Fast Refresh ("useTheme" export is incompatible). Learn more at https://github.com/vitejs/vite-plugin-react/tree/main/packages/plugin-react#consistent-components-exports
[2m23:52:21[22m [36m[1m[vite][22m[39m [32mhmr update [39m[2m/src/App.jsx, /src/index.css, /src/components/ThemeToggle.jsx[22m
[2m23:52:41[22m [36m[1m[vite][22m[39m [32mhmr update [39m[2m/src/pages/AdminLogin.jsx, /src/index.css[22m
[2m23:52:58[22m [36m[1m[vite][22m[39m [32mhmr update [39m[2m/src/pages/AdminLogin.jsx, /src/index.css[22m
[2m23:53:07[22m [36m[1m[vite][22m[39m [32mhmr update [39m[2m/src/pages/StationLogin.jsx, /src/index.css[22m
[2m23:53:22[22m [36m[1m[vite][22m[39m [32mhmr update [39m[2m/src/pages/StationLogin.jsx, /src/index.css[22m
[2m23:53:42[22m [36m[1m[vite][22m[39m [32mhmr update [39m[2m/src/pages/Home.jsx, /src/index.css[22m
[2m23:54:29[22m [36m[1m[vite][22m[39m [32mhmr update [39m[2m/src/context/ThemeContext.jsx, /src/index.css[22m
[2m23:54:29[22m [36m[1m[vite][22m[39m [33mhmr invalidate [39m[2m/src/context/ThemeContext.jsx[22m Could not Fast Refresh ("useTheme" export is incompatible). Learn more at https://github.com/vitejs/vite-plugin-react/tree/main/packages/plugin-react#consistent-components-exports
[2m23:54:29[22m [36m[1m[vite][22m[39m [32mhmr update [39m[2m/src/App.jsx, /src/index.css, /src/components/ThemeToggle.jsx[22m
[2m23:54:36[22m [36m[1m[vite][22m[39m [32mhmr update [39m[2m/src/context/ThemeContext.jsx, /src/index.css[22m
[2m23:54:36[22m [36m[1m[vite][22m[39m [33mhmr invalidate [39m[2m/src/context/ThemeContext.jsx[22m Could not Fast Refresh ("useTheme" export is incompatible). Learn more at https://github.com/vitejs/vite-plugin-react/tree/main/packages/plugin-react#consistent-components-exports
[2m23:54:36[22m [36m[1m[vite][22m[39m [32mhmr update [39m[2m/src/App.jsx, /src/index.css, /src/components/ThemeToggle.jsx[22m
[2m23:54:43[22m [36m[1m[vite][22m[39m [32mhmr update [39m[2m/src/index.css[22m
[2m23:54:51[22m [36m[1m[vite][22m[39m [32mhmr update [39m[2m/src/pages/AdminLogin.jsx, /src/index.css[22m
[2m23:55:04[22m [36m[1m[vite][22m[39m [32mpage reload [39m[2msrc/pages/Register.jsx[22m
[2m23:55:22[22m [36m[1m[vite][22m[39m [32mpage reload [39m[2msrc/pages/Register.jsx[22m
[2m23:55:59[22m [36m[1m[vite][22m[39m [32mhmr update [39m[2m/src/index.css[22m
[2m23:56:30[22m [36m[1m[vite][22m[39m [32mhmr update [39m[2m/src/index.css[22m
[2m00:21:01[22m [36m[1m[vite][22m[39m [32mhmr update [39m[2m/src/index.css[22m
[2m00:21:19[22m [36m[1m[vite][22m[39m [32mhmr update [39m[2m/src/index.css[22m
[2m00:22:55[22m [36m[1m[vite][22m[39m [32mpage reload [39m[2mtailwind.config.js[22m
[2m00:23:02[22m [36m[1m[vite][22m[39m [32mhmr update [39m[2m/src/components/CursorGlow.jsx, /src/index.css[22m
[2m00:23:11[22m [36m[1m[vite][22m[39m [32mhmr update [39m[2m/src/components/LeafletMap.jsx, /src/index.css[22m
[2m00:23:28[22m [36m[1m[vite][22m[39m [32mhmr update [39m[2m/src/pages/Home.jsx, /src/index.css[22m
[2m00:23:36[22m [36m[1m[vite][22m[39m [32mhmr update [39m[2m/src/pages/History.jsx, /src/index.css[22m
[2m00:23:45[22m [36m[1m[vite][22m[39m [32mhmr update [39m[2m/src/pages/Notifications.jsx, /src/index.css[22m
[2m00:23:53[22m [36m[1m[vite][22m[39m [32mhmr update [39m[2m/src/pages/Profile.jsx, /src/index.css[22m
[2m00:24:00[22m [36m[1m[vite][22m[39m [32mhmr update [39m[2m/src/pages/StationAdmin.jsx, /src/index.css[22m
[2m00:24:10[22m [36m[1m[vite][22m[39m [32mhmr update [39m[2m/src/components/Toast.jsx, /src/index.css[22m
[2m00:24:10[22m [36m[1m[vite][22m[39m [33mhmr invalidate [39m[2m/src/components/Toast.jsx[22m Could not Fast Refresh ("useToast" export is incompatible). Learn more at https://github.com/vitejs/vite-plugin-react/tree/main/packages/plugin-react#consistent-components-exports
[2m00:24:10[22m [36m[1m[vite][22m[39m [32mhmr update [39m[2m/src/App.jsx, /src/index.css, /src/pages/Home.jsx, /src/pages/admin/UsersPage.jsx, /src/pages/admin/StationsPage.jsx, /src/pages/admin/QueuesPage.jsx, /src/pages/admin/ConfigPage.jsx, /src/pages/Profile.jsx[22m
[2m00:24:22[22m [36m[1m[vite][22m[39m [32mhmr update [39m[2m/src/pages/admin/Dashboard.jsx, /src/index.css[22m
[2m00:24:31[22m [36m[1m[vite][22m[39m [32mhmr update [39m[2m/src/pages/admin/AnalyticsPage.jsx, /src/index.css[22m
[2m00:24:38[22m [36m[1m[vite][22m[39m [32mhmr update [39m[2m/src/pages/admin/QueuesPage.jsx, /src/index.css[22m
[2m00:24:55[22m [36m[1m[vite][22m[39m [32mhmr update [39m[2m/src/pages/Home.jsx, /src/index.css[22m
[2m00:25:04[22m [36m[1m[vite][22m[39m [32mhmr update [39m[2m/src/index.css[22m
[2m00:49:24[22m [36m[1m[vite][22m[39m [32mhmr update [39m[2m/src/components/FloatingLabelInput.jsx, /src/index.css[22m
[2m00:49:47[22m [36m[1m[vite][22m[39m [32mhmr update [39m[2m/src/components/FloatingLabelInput.jsx, /src/index.css[22m
[2m00:52:50[22m [36m[1m[vite][22m[39m [32mhmr update [39m[2m/src/pages/Home.jsx, /src/index.css[22m
[2m00:53:03[22m [36m[1m[vite][22m[39m [32mhmr update [39m[2m/src/pages/Home.jsx, /src/index.css[22m
[2m00:53:36[22m [36m[1m[vite][22m[39m [32mpage reload [39m[2msrc/pages/Register.jsx[22m
[2m00:53:55[22m [36m[1m[vite][22m[39m [32mpage reload [39m[2msrc/pages/Register.jsx[22m
[2m00:54:13[22m [36m[1m[vite][22m[39m [32mhmr update [39m[2m/src/index.css[22m
